<?xml version="1.0" encoding="UTF-8"?>
<!-- Generated by org.testng.reporters.JUnitReportReporter -->
<testsuite skipped="1" hostname="DESKTOP-02FTORC" name="testcases.CreateComputer" tests="1" failures="0" timestamp="22 Jan 2017 18:44:21 GMT" time="0.000" errors="0">
  <testcase name="createLead" time="0.000" classname="testcases.CreateComputer">
    <skipped/>
  </testcase> <!-- createLead -->
</testsuite> <!-- testcases.CreateComputer -->
